Log file open, 10/29/17 14:37:28
LogInit:Display: Running engine for game: RotationProject
LogInit:Display: Project file not found: ../../../RotationProject/RotationProject.uproject
LogInit:Display: 	Attempting to find via project info helper.
LogUProjectInfo: Found projects:
LogPlatformFile: Not using cached read wrapper
LogInit:Display: RandInit(1463351129) SRandInit(1463351129).
LogTaskGraph: Started task graph with 5 named threads and 6 total threads with 1 sets of task threads.
LogStats: Stats thread started at 0.058778
LogInit: Using libcurl 7.47.1
LogInit:  - built for x86_64-pc-win32
LogInit:  - supports SSL with OpenSSL/1.0.2g
LogInit:  - supports HTTP deflate (compression) using libz 1.2.8
LogInit:  - other features:
LogInit:      CURL_VERSION_SSL
LogInit:      CURL_VERSION_LIBZ
LogInit:      CURL_VERSION_IPV6
LogInit:      CURL_VERSION_ASYNCHDNS
LogInit:      CURL_VERSION_LARGEFILE
LogInit:      CURL_VERSION_IDN
LogInit:  CurlRequestOptions (configurable via config and command line):
LogInit:  - bVerifyPeer = false  - Libcurl will NOT verify peer certificate
LogInit:  - bUseHttpProxy = false  - Libcurl will NOT use HTTP proxy
LogInit:  - bDontReuseConnections = false  - Libcurl will reuse connections
LogInit:  - CertBundlePath = nullptr  - Libcurl will use whatever was configured at build time.
LogInit: Build: ++UE4+Release-4.16-CL-3561208
LogInit: Engine Version: 4.16.3-3561208+++UE4+Release-4.16
LogInit: Compatible Engine Version: 4.16.0-3452394+++UE4+Release-4.16
LogInit: Net CL: 3452394
LogDevObjectVersion: Number of dev versions registered: 16
LogDevObjectVersion:   Dev-Blueprints (B0D832E4-1F89-4F0D-ACCF-7EB736FD4AA2): 9
LogDevObjectVersion:   Dev-Build (E1C64328-A22C-4D53-A36C-8E866417BD8C): 0
LogDevObjectVersion:   Dev-Core (375EC13C-06E4-48FB-B500-84F0262A717E): 2
LogDevObjectVersion:   Dev-Editor (E4B068ED-F494-42E9-A231-DA0B2E46BB41): 17
LogDevObjectVersion:   Dev-Framework (CFFC743F-43B0-4480-9391-14DF171D2073): 23
LogDevObjectVersion:   Dev-Mobile (B02B49B5-BB20-44E9-A304-32B752E40360): 0
LogDevObjectVersion:   Dev-Networking (A4E4105C-59A1-49B5-A7C5-40C4547EDFEE): 0
LogDevObjectVersion:   Dev-Online (39C831C9-5AE6-47DC-9A44-9C173E1C8E7C): 0
LogDevObjectVersion:   Dev-Physics (78F01B33-EBEA-4F98-B9B4-84EACCB95AA2): 0
LogDevObjectVersion:   Dev-Platform (6631380F-2D4D-43E0-8009-CF276956A95A): 0
LogDevObjectVersion:   Dev-Rendering (12F88B9F-8875-4AFC-A67C-D90C383ABD29): 15
LogDevObjectVersion:   Dev-Sequencer (7B5AE74C-D270-4C10-A958-57980B212A5A): 4
LogDevObjectVersion:   Dev-VR (D7296918-1DD6-4BDD-9DE2-64A83CC13884): 0
LogDevObjectVersion:   Dev-LoadTimes (C2A15278-BFE7-4AFE-6C17-90FF531DF755): 1
LogDevObjectVersion:   Private-Geometry (6EACA3D4-40EC-4CC1-B786-8BED09428FC5): 1
LogDevObjectVersion:   Dev-AnimPhys (29E575DD-E0A3-4627-9D10-D276232CDCEA): 3
LogInit: Compiled (64-bit): Jul 28 2017 11:52:15
LogInit: Compiled with Visual C++: 19.00.24215.01
LogInit: Build Configuration: Development
LogInit: Branch Name: ++UE4+Release-4.16
LogInit: Command line:  
LogInit: Base directory: F:/Work/WaterWheel/WindowsNoEditor/Engine/Binaries/Win64/
LogInit: Installed Engine Build: 0
LogInit: Presizing for max 2097152 objects, including 0 objects not considered by GC, pre-allocating 0 bytes for permanent pool.
LogStreaming:Display: Async Loading initialized: Event Driven Loader: true, Async Loading Thread: false
LogInit: Object subsystem initialized
[2017.10.29-09.07.28:193][  0]LogInit: Selected Device Profile: [WindowsNoEditor]
[2017.10.29-09.07.28:193][  0]LogInit: Applying CVar settings loaded from the selected device profile: [WindowsNoEditor]
[2017.10.29-09.07.28:208][  0]LogInit: Computer: DESKTOP-7EFAHCP
[2017.10.29-09.07.28:208][  0]LogInit: User: vaish
[2017.10.29-09.07.28:208][  0]LogInit: CPU Page size=4096, Cores=2
[2017.10.29-09.07.28:208][  0]LogInit: High frequency timer resolution =2.338342 MHz
[2017.10.29-09.07.28:208][  0]LogMemory: Memory total: Physical=7.9GB (8GB approx)
[2017.10.29-09.07.28:208][  0]LogMemory: Platform Memory Stats for WindowsNoEditor
[2017.10.29-09.07.28:208][  0]LogMemory: Process Physical Memory: 91.09 MB used, 91.09 MB peak
[2017.10.29-09.07.28:208][  0]LogMemory: Process Virtual Memory: 102.44 MB used, 102.44 MB peak
[2017.10.29-09.07.28:208][  0]LogMemory: Physical Memory: 3356.43 MB used,  4769.86 MB free, 8126.29 MB total
[2017.10.29-09.07.28:208][  0]LogMemory: Virtual Memory: 359.00 MB used,  4769.86 MB free, 134217728.00 MB total
[2017.10.29-09.07.28:285][  0]LogInit: Using OS detected language (en-US).
[2017.10.29-09.07.28:285][  0]LogInit: Using OS detected locale (en-IN).
[2017.10.29-09.07.28:286][  0]LogTextLocalizationManager: No specific localization for 'en-US' exists, so the 'en' localization will be used.
[2017.10.29-09.07.28:419][  0]LogD3D11RHI: D3D11 adapters:
[2017.10.29-09.07.28:494][  0]LogD3D11RHI:    0. 'NVIDIA GeForce 840M' (Feature Level 11_0)
[2017.10.29-09.07.28:494][  0]LogD3D11RHI:       2020/0/4063 MB DedicatedVideo/DedicatedSystem/SharedSystem, Outputs:2, VendorId:0x10de
[2017.10.29-09.07.28:501][  0]LogD3D11RHI:    1. 'Intel(R) HD Graphics Family' (Feature Level 11_0)
[2017.10.29-09.07.28:501][  0]LogD3D11RHI:       112/0/2048 MB DedicatedVideo/DedicatedSystem/SharedSystem, Outputs:0, VendorId:0x8086
[2017.10.29-09.07.28:503][  0]LogD3D11RHI:    2. 'Microsoft Basic Render Driver' (Feature Level 11_0)
[2017.10.29-09.07.28:503][  0]LogD3D11RHI:       0/0/4063 MB DedicatedVideo/DedicatedSystem/SharedSystem, Outputs:0, VendorId:0x1414
[2017.10.29-09.07.28:503][  0]LogD3D11RHI: Chosen D3D11 Adapter: 0
[2017.10.29-09.07.28:512][  0]LogD3D11RHI: Creating new Direct3DDevice
[2017.10.29-09.07.28:512][  0]LogD3D11RHI:     GPU DeviceId: 0x1341 (for the marketing name, search the web for "GPU Device Id")
[2017.10.29-09.07.28:512][  0]LogWindows: EnumDisplayDevices:
[2017.10.29-09.07.28:512][  0]LogWindows:    0. 'Intel(R) HD Graphics Family' (P:1 D:1)
[2017.10.29-09.07.28:512][  0]LogWindows:    1. 'Intel(R) HD Graphics Family' (P:0 D:1)
[2017.10.29-09.07.28:512][  0]LogWindows:    2. 'Intel(R) HD Graphics Family' (P:0 D:0)
[2017.10.29-09.07.28:513][  0]LogWindows: DebugString: GetVideoDriverDetailsInvalid PrimaryIsNotTheChoosenAdapter GetVideoDriverDetailsInvalid PrimaryIsNotTheChoosenAdapter GetVideoDriverDetailsInvalid PrimaryIsNotTheChoosenAdapter FoundDriverCount:0 
[2017.10.29-09.07.28:513][  0]LogD3D11RHI:     Adapter Name: NVIDIA GeForce 840M
[2017.10.29-09.07.28:513][  0]LogD3D11RHI:   Driver Version: Unknown (internal:Unknown, unified:Unknown)
[2017.10.29-09.07.28:513][  0]LogD3D11RHI:      Driver Date: Unknown
[2017.10.29-09.07.28:513][  0]LogRHI: Texture pool is 1361 MB (70% of 1945 MB)
[2017.10.29-09.07.28:555][  0]LogD3D11RHI: Async texture creation enabled
[2017.10.29-09.07.28:576][  0]LogD3D11RHI: GPU Timing Frequency: 1000.000000 (Debug: 2 1)
[2017.10.29-09.07.28:592][  0]LogMaterial: Verifying Global Shaders for PCD3D_SM5
[2017.10.29-09.07.28:592][  0]LogSlate: Using Freetype 2.6.0
[2017.10.29-09.07.28:593][  0]LogSlate: SlateFontCache - WITH_FREETYPE: 1, WITH_HARFBUZZ: 1
[2017.10.29-09.07.28:593][  0]LogSlate: SlateFontCache - WITH_FREETYPE: 1, WITH_HARFBUZZ: 1
[2017.10.29-09.07.28:669][  0]LogAssetRegistry: FAssetRegistry took 0.0152 seconds to start up
[2017.10.29-09.07.28:816][  0]LogPackageLocalizationCache: Processed 4 localized package path(s) for 2 prioritized culture(s) in 0.007862 seconds
[2017.10.29-09.07.28:816][  0]LogPakFile: New pak file ../../../RotationProject/Content/Paks/RotationProject-WindowsNoEditor.pak added to pak precacher.
[2017.10.29-09.07.28:817][  0]LogInit: Selected Device Profile: [WindowsNoEditor]
[2017.10.29-09.07.28:831][  0]LogContentStreaming: Texture pool size is 1000.00 MB
[2017.10.29-09.07.28:895][  0]LogNetVersion: RotationProject , NetCL: 3452394, EngineNetVer: 2, GameNetVer: 0 (Checksum: 2360986290)
[2017.10.29-09.07.28:956][  0]LogInit: WinSock: version 1.1 (2.2), MaxSocks=32767, MaxUdp=65467
[2017.10.29-09.07.28:976][  0]LogMoviePlayer: Initializing movie player
[2017.10.29-09.07.29:086][  0]LogAndroidPermission: UAndroidPermissionCallbackProxy::GetInstance
[2017.10.29-09.07.29:116][  0]LogUObjectArray: 29858 objects as part of root set at end of initial load.
[2017.10.29-09.07.29:116][  0]LogUObjectAllocator: 5964784 out of 0 bytes used by permanent object pool.
[2017.10.29-09.07.29:116][  0]LogUObjectArray: CloseDisregardForGC: 0/0 objects in disregard for GC pool
[2017.10.29-09.07.29:127][  0]LogEngine: Initializing Engine...
[2017.10.29-09.07.29:127][  0]LogHMD: Failed to initialize OpenVR with code 110
[2017.10.29-09.07.29:138][  0]LogStreaming:Error: Couldn't find file for package /Script/Engine requested by async loading code. NameToLoad: /Script/Engine
[2017.10.29-09.07.29:273][  0]LogStats: UGameplayTagsManager::ConstructGameplayTagTree: Construct from data asset -  0.000 s
[2017.10.29-09.07.29:273][  0]LogStats: UGameplayTagsManager::ConstructGameplayTagTree: GameplayTagTreeChangedEvent.Broadcast -  0.000 s
[2017.10.29-09.07.29:318][  0]LogInit: XAudio2 using 'Speaker/HP (Realtek High Definition Audio)' : 2 channels at 48 kHz using 32 bits per sample (channel mask 0x3)
[2017.10.29-09.07.29:689][  0]LogInit: FAudioDevice initialized.
[2017.10.29-09.07.29:700][  0]LogInit: Texture streaming: Enabled
[2017.10.29-09.07.29:705][  0]LogInit:Display: Game Engine Initialized.
[2017.10.29-09.07.29:705][  0]LogInit:Display: Starting Game.
[2017.10.29-09.07.29:705][  0]LogNet: Browse: /Game/StarterContent/Maps/Minimal_Default?Name=Player
[2017.10.29-09.07.29:706][  0]LogLoad: LoadMap: /Game/StarterContent/Maps/Minimal_Default?Name=Player
[2017.10.29-09.07.29:742][  0]LogMemory: Platform Memory Stats for WindowsNoEditor
[2017.10.29-09.07.29:742][  0]LogMemory: Process Physical Memory: 224.01 MB used, 299.88 MB peak
[2017.10.29-09.07.29:742][  0]LogMemory: Process Virtual Memory: 318.91 MB used, 369.41 MB peak
[2017.10.29-09.07.29:742][  0]LogMemory: Physical Memory: 3519.63 MB used,  4606.66 MB free, 8126.29 MB total
[2017.10.29-09.07.29:742][  0]LogMemory: Virtual Memory: 750.04 MB used,  4606.66 MB free, 134217728.00 MB total
[2017.10.29-09.07.29:742][  0]LogMemory: 
[2017.10.29-09.07.29:742][  0]Allocator Stats for binned2: (not implemented)
[2017.10.29-09.07.29:799][  0]LogAIModule: Creating AISystem for world Minimal_Default
[2017.10.29-09.07.29:800][  0]LogLoad: Game class is 'GameModeBase'
[2017.10.29-09.07.29:802][  0]LogWorld: Bringing World /Game/StarterContent/Maps/Minimal_Default.Minimal_Default up for play (max tick rate 0) at 2017.10.29-14.37.29
[2017.10.29-09.07.29:803][  0]LogWorld: Bringing up level for play took: 0.002165
[2017.10.29-09.07.29:805][  0]LogLoad: Took 0.098873 seconds to LoadMap(/Game/StarterContent/Maps/Minimal_Default)
[2017.10.29-09.07.29:862][  0]LogLoad: (Engine Initialization) Total time: 1.98 seconds
[2017.10.29-09.07.29:862][  0]LogExternalProfiler: No external profilers were discovered.  External profiling features will not be available.
[2017.10.29-09.07.29:879][  0]LogOcInput: OculusInput pre-init called
[2017.10.29-09.07.29:879][  0]LogHMD: Starting GearVRController plugin
[2017.10.29-09.07.29:940][  2]LogRenderer: Reallocating scene render targets to support 1368x768 NumSamples 1 (Frame:1).
[2017.10.29-09.10.14:917][405]LogSlate: Request Window 'RotationProject (64-bit, PCD3D_SM5)' being destroyed
[2017.10.29-09.10.14:965][405]LogSlate: Window 'RotationProject (64-bit, PCD3D_SM5)' being destroyed
[2017.10.29-09.10.14:966][405]LogWindowsTextInputMethodSystem:Display: IME system now deactivated.
[2017.10.29-09.10.14:981][405]LogEngine: All Windows Closed
[2017.10.29-09.10.14:981][405]LogWindows: FPlatformMisc::RequestExit(0)
[2017.10.29-09.10.15:209][406]LogExit: Preparing to exit.
[2017.10.29-09.10.15:209][406]LogMoviePlayer: Shutting down movie player
[2017.10.29-09.10.15:292][406]LogExit: Game engine shut down
[2017.10.29-09.10.15:333][406]LogObj: Freed 376b from 1 cluster array pools.
[2017.10.29-09.10.15:333][406]LogExit: Object subsystem successfully closed.
[2017.10.29-09.10.15:341][406]LogD3D11RHI: Shutdown
[2017.10.29-09.10.15:341][406]LogD3D11RHI: CleanupD3DDevice
[2017.10.29-09.10.15:399][406]LogD3D11RHI: ~FD3D11DynamicRHI
[2017.10.29-09.10.15:400][406]LogModuleManager: Shutting down and abandoning module AutomationController (156)
[2017.10.29-09.10.15:400][406]LogModuleManager: Shutting down and abandoning module AutomationWorker (154)
[2017.10.29-09.10.15:400][406]LogModuleManager: Shutting down and abandoning module AIModule (152)
[2017.10.29-09.10.15:400][406]LogModuleManager: Shutting down and abandoning module GameplayDebugger (151)
[2017.10.29-09.10.15:400][406]LogModuleManager: Shutting down and abandoning module WmfMediaFactory (148)
[2017.10.29-09.10.15:400][406]LogModuleManager: Shutting down and abandoning module AvfMediaFactory (146)
[2017.10.29-09.10.15:400][406]LogModuleManager: Shutting down and abandoning module AndroidMediaFactory (144)
[2017.10.29-09.10.15:400][406]LogModuleManager: Shutting down and abandoning module Media (143)
[2017.10.29-09.10.15:400][406]LogModuleManager: Shutting down and abandoning module CharacterAI (140)
[2017.10.29-09.10.15:400][406]LogModuleManager: Shutting down and abandoning module SessionServices (138)
[2017.10.29-09.10.15:400][406]LogModuleManager: Shutting down and abandoning module MovieSceneTracks (136)
[2017.10.29-09.10.15:400][406]LogModuleManager: Shutting down and abandoning module MovieScene (134)
[2017.10.29-09.10.15:400][406]LogModuleManager: Shutting down and abandoning module GeometryCache (132)
[2017.10.29-09.10.15:400][406]LogModuleManager: Shutting down and abandoning module Niagara (130)
[2017.10.29-09.10.15:400][406]LogModuleManager: Shutting down and abandoning module StreamingPauseRendering (128)
[2017.10.29-09.10.15:400][406]LogModuleManager: Shutting down and abandoning module AnalyticsET (126)
[2017.10.29-09.10.15:400][406]LogModuleManager: Shutting down and abandoning module ProfilerService (124)
[2017.10.29-09.10.15:606][406]LogModuleManager: Shutting down and abandoning module TaskGraph (122)
[2017.10.29-09.10.15:606][406]LogModuleManager: Shutting down and abandoning module HTML5Networking (118)
[2017.10.29-09.10.15:606][406]LogModuleManager: Shutting down and abandoning module SteamVRController (116)
[2017.10.29-09.10.15:606][406]LogModuleManager: Shutting down and abandoning module SteamVR (114)
[2017.10.29-09.10.15:606][406]LogModuleManager: Shutting down and abandoning module ProceduralMeshComponent (112)
[2017.10.29-09.10.15:606][406]LogModuleManager: Shutting down and abandoning module OculusLibrary (110)
[2017.10.29-09.10.15:606][406]LogModuleManager: Shutting down and abandoning module OculusInput (108)
[2017.10.29-09.10.15:606][406]LogModuleManager: Shutting down and abandoning module MobilePatchingUtils (106)
[2017.10.29-09.10.15:606][406]LogModuleManager: Shutting down and abandoning module CustomMeshComponent (104)
[2017.10.29-09.10.15:606][406]LogModuleManager: Shutting down and abandoning module CableComponent (102)
[2017.10.29-09.10.15:606][406]LogModuleManager: Shutting down and abandoning module ArchVisCharacter (100)
[2017.10.29-09.10.15:606][406]LogModuleManager: Shutting down and abandoning module AndroidPermission (98)
[2017.10.29-09.10.15:606][406]LogModuleManager: Shutting down and abandoning module UdpMessaging (96)
[2017.10.29-09.10.15:606][406]LogModuleManager: Shutting down and abandoning module TcpMessaging (94)
[2017.10.29-09.10.15:606][406]LogModuleManager: Shutting down and abandoning module FacialAnimation (92)
[2017.10.29-09.10.15:606][406]LogModuleManager: Shutting down and abandoning module LightPropagationVolumeRuntime (90)
[2017.10.29-09.10.15:606][406]LogModuleManager: Shutting down and abandoning module PhysXVehicles (88)
[2017.10.29-09.10.15:606][406]LogModuleManager: Shutting down and abandoning module LocationServicesBPLibrary (86)
[2017.10.29-09.10.15:606][406]LogModuleManager: Shutting down and abandoning module ImmediatePhysics (84)
[2017.10.29-09.10.15:606][406]LogModuleManager: Shutting down and abandoning module Paper2D (82)
[2017.10.29-09.10.15:606][406]LogModuleManager: Shutting down and abandoning module WmfMedia (80)
[2017.10.29-09.10.15:606][406]LogModuleManager: Shutting down and abandoning module WindowsMoviePlayer (78)
[2017.10.29-09.10.15:607][406]LogModuleManager: Shutting down and abandoning module ClothingSystemRuntime (76)
[2017.10.29-09.10.15:607][406]LogModuleManager: Shutting down and abandoning module MediaAssets (74)
[2017.10.29-09.10.15:607][406]LogModuleManager: Shutting down and abandoning module GameLiveStreaming (72)
[2017.10.29-09.10.15:607][406]LogModuleManager: Shutting down and abandoning module UMG (70)
[2017.10.29-09.10.15:607][406]LogModuleManager: Shutting down and abandoning module SlateReflector (68)
[2017.10.29-09.10.15:607][406]LogModuleManager: Shutting down and abandoning module Slate (66)
[2017.10.29-09.10.15:607][406]LogModuleManager: Shutting down and abandoning module Messaging (64)
[2017.10.29-09.10.15:607][406]LogModuleManager: Shutting down and abandoning module HeadMountedDisplay (62)
[2017.10.29-09.10.15:607][406]LogModuleManager: Shutting down and abandoning module XAudio2 (60)
[2017.10.29-09.10.15:607][406]LogModuleManager: Shutting down and abandoning module Networking (58)
[2017.10.29-09.10.15:607][406]LogModuleManager: Shutting down and abandoning module Core (54)
[2017.10.29-09.10.15:607][406]LogModuleManager: Shutting down and abandoning module LevelSequence (52)
[2017.10.29-09.10.15:607][406]LogModuleManager: Shutting down and abandoning module AssetRegistry (50)
[2017.10.29-09.10.15:608][406]LogModuleManager: Shutting down and abandoning module ImageWrapper (48)
[2017.10.29-09.10.15:608][406]LogModuleManager: Shutting down and abandoning module InputCore (46)
[2017.10.29-09.10.15:608][406]LogModuleManager: Shutting down and abandoning module OnlineSubsystem (42)
[2017.10.29-09.10.15:608][406]LogOnline:Display: Unloading online subsystem: NULL
[2017.10.29-09.10.15:608][406]LogModuleManager: Shutting down and abandoning module HTTP (41)
[2017.10.29-09.10.15:608][406]LogHttp:Display: Http module shutting down, but needs to wait on 1 outstanding Http requests:
[2017.10.29-09.10.15:608][406]LogHttp:Display: 	verb=[POST] url=[https://datarouter.ol.epicgames.com/datarouter/api/v1/public/data?SessionID=%7BF132F818-4898-45F5-BA33-40A80ADF61B5%7D&AppID=UEGame.Rocket.Release%7C63379108440701EE387D538F06A24612%7CUE4Game&AppVersion=4.16.3-3561208%2B%2B%2BUE4%2BRelease-4.16&UserID=ANON-%7BA2D998D2-4AB3-F5CE-9773-BDB3C4BCC824%7D%7C%7C&AppEnvironment=datacollector-binary&UploadType=eteventstream] status=Processing
[2017.10.29-09.10.15:608][406]LogHttp:Display: Sleeping 0.5s to wait for 1 outstanding Http requests.
[2017.10.29-09.10.16:110][406]LogHttp:Display: Sleeping 0.5s to wait for 1 outstanding Http requests.
[2017.10.29-09.10.16:611][406]LogHttp:Display: Sleeping 0.5s to wait for 1 outstanding Http requests.
[2017.10.29-09.10.17:112][406]LogHttp:Display: Sleeping 0.5s to wait for 1 outstanding Http requests.
[2017.10.29-09.10.17:612][406]LogHttp:Display: Sleeping 0.5s to wait for 1 outstanding Http requests.
[2017.10.29-09.10.18:112][406]LogHttp:Display: Sleeping 0.5s to wait for 1 outstanding Http requests.
[2017.10.29-09.10.18:613][406]LogHttp:Display: Sleeping 0.5s to wait for 1 outstanding Http requests.
[2017.10.29-09.10.19:114][406]LogHttp:Display: Sleeping 0.5s to wait for 1 outstanding Http requests.
[2017.10.29-09.10.19:614][406]LogHttp:Display: Sleeping 0.5s to wait for 1 outstanding Http requests.
[2017.10.29-09.10.20:114][406]LogHttp:Display: Sleeping 0.5s to wait for 1 outstanding Http requests.
[2017.10.29-09.10.20:615][406]LogHttp:Display: Sleeping 0.5s to wait for 1 outstanding Http requests.
[2017.10.29-09.10.21:116][406]LogHttp:Display: Sleeping 0.5s to wait for 1 outstanding Http requests.
[2017.10.29-09.10.21:616][406]LogHttp:Display: Sleeping 0.5s to wait for 1 outstanding Http requests.
[2017.10.29-09.10.22:116][406]LogHttp:Display: Sleeping 0.5s to wait for 1 outstanding Http requests.
[2017.10.29-09.10.22:618][406]LogHttp:Display: Sleeping 0.5s to wait for 1 outstanding Http requests.
[2017.10.29-09.10.23:118][406]LogHttp:Display: Sleeping 0.5s to wait for 1 outstanding Http requests.
[2017.10.29-09.10.23:619][406]LogHttp:Display: Sleeping 0.5s to wait for 1 outstanding Http requests.
[2017.10.29-09.10.24:120][406]LogHttp:Display: Sleeping 0.5s to wait for 1 outstanding Http requests.
[2017.10.29-09.10.24:621][406]LogHttp:Display: Sleeping 0.5s to wait for 1 outstanding Http requests.
[2017.10.29-09.10.25:121][406]LogHttp:Display: Sleeping 0.5s to wait for 1 outstanding Http requests.
[2017.10.29-09.10.25:622][406]LogHttp:Display: Sleeping 0.5s to wait for 1 outstanding Http requests.
[2017.10.29-09.10.26:123][406]LogHttp:Display: Sleeping 0.5s to wait for 1 outstanding Http requests.
[2017.10.29-09.10.26:631][406]LogModuleManager: Shutting down and abandoning module SSL (40)
[2017.10.29-09.10.26:631][406]LogModuleManager: Shutting down and abandoning module HTTPChunkInstaller (36)
[2017.10.29-09.10.26:631][406]LogModuleManager: Shutting down and abandoning module OculusRift (34)
[2017.10.29-09.10.26:631][406]LogModuleManager: Shutting down and abandoning module ExampleDeviceProfileSelector (32)
[2017.10.29-09.10.26:631][406]LogModuleManager: Shutting down and abandoning module GearVRController (30)
[2017.10.29-09.10.26:631][406]LogModuleManager: Shutting down and abandoning module GearVR (28)
[2017.10.29-09.10.26:631][406]LogModuleManager: Shutting down and abandoning module ShaderCore (26)
[2017.10.29-09.10.26:631][406]LogModuleManager: Shutting down and abandoning module Landscape (24)
[2017.10.29-09.10.26:631][406]LogModuleManager: Shutting down and abandoning module SlateRHIRenderer (22)
[2017.10.29-09.10.26:631][406]LogModuleManager: Shutting down and abandoning module OpenGLDrv (20)
[2017.10.29-09.10.26:631][406]LogModuleManager: Shutting down and abandoning module D3D11RHI (18)
[2017.10.29-09.10.26:631][406]LogModuleManager: Shutting down and abandoning module AnimGraphRuntime (16)
[2017.10.29-09.10.26:631][406]LogModuleManager: Shutting down and abandoning module Renderer (14)
[2017.10.29-09.10.26:631][406]LogModuleManager: Shutting down and abandoning module Engine (12)
[2017.10.29-09.10.26:631][406]LogModuleManager: Shutting down and abandoning module CoreUObject (10)
[2017.10.29-09.10.26:631][406]LogModuleManager: Shutting down and abandoning module NetworkFile (8)
[2017.10.29-09.10.26:631][406]LogModuleManager: Shutting down and abandoning module StreamingFile (6)
[2017.10.29-09.10.26:631][406]LogModuleManager: Shutting down and abandoning module SandboxFile (4)
[2017.10.29-09.10.26:631][406]LogModuleManager: Shutting down and abandoning module PakFile (2)
[2017.10.29-09.10.26:631][406]LogSlate: HittestGrid destroyed
[2017.10.29-09.10.26:631][406]LogSlate: HittestGrid destroyed
[2017.10.29-09.10.26:632][406]LogExit: Exiting.
[2017.10.29-09.10.26:633][406]Log file closed, 10/29/17 14:40:26
